# JRE version: Java(TM) SE Runtime Environment (17.0.9+11) (build 17.0.9+11-LTS-201)
# Java VM: Java HotSpot(TM) 64-Bit Server VM (17.0.9+11-LTS-201, mixed mode, sharing, tiered, compressed oops, compressed class ptrs, g1 gc, windows-amd64)
GC Precious Log:
 CPUs: 4 total, 4 available
 Memory: 3892M
 Large Page Support: Disabled
 NUMA Support: Disabled
 Compressed Oops: Enabled (32-bit)
 Heap Region Size: 1M
 Heap Min Capacity: 8M
 Heap Initial Capacity: 62M
 Heap Max Capacity: 974M
 Pre-touch: Disabled
 Parallel Workers: 4
 Concurrent Workers: 1
 Concurrent Refinement Workers: 4
 Periodic GC: Disabled
Heap:
 garbage-first heap   total 51200K, used 33712K [0x00000000c3200000, 0x0000000100000000)
  region size 1024K, 9 young (9216K), 1 survivors (1024K)
 Metaspace       used 62639K, committed 63168K, reserved 1114112K
  class space    used 8446K, committed 8704K, reserved 1048576K
GC Heap History (20 events):
Event: 17.160 GC heap before
{Heap before GC invocations=10 (full 0):
 garbage-first heap   total 51200K, used 37820K [0x00000000c3200000, 0x0000000100000000)
  region size 1024K, 22 young (22528K), 2 survivors (2048K)
 Metaspace       used 34329K, committed 34816K, reserved 1114112K
  class space    used 4504K, committed 4736K, reserved 1048576K
}
Event: 17.168 GC heap after
{Heap after GC invocations=11 (full 0):
 garbage-first heap   total 51200K, used 18315K [0x00000000c3200000, 0x0000000100000000)
  region size 1024K, 3 young (3072K), 3 survivors (3072K)
 Metaspace       used 34329K, committed 34816K, reserved 1114112K
  class space    used 4504K, committed 4736K, reserved 1048576K
}
Event: 17.492 GC heap before
{Heap before GC invocations=11 (full 0):
 garbage-first heap   total 51200K, used 22411K [0x00000000c3200000, 0x0000000100000000)
  region size 1024K, 8 young (8192K), 3 survivors (3072K)
 Metaspace       used 35582K, committed 35968K, reserved 1114112K
  class space    used 4676K, committed 4864K, reserved 1048576K
}
Event: 17.499 GC heap after
{Heap after GC invocations=12 (full 0):
 garbage-first heap   total 51200K, used 18876K [0x00000000c3200000, 0x0000000100000000)
  region size 1024K, 2 young (2048K), 2 survivors (2048K)
 Metaspace       used 35582K, committed 35968K, reserved 1114112K
  class space    used 4676K, committed 4864K, reserved 1048576K
}
Event: 19.617 GC heap before
{Heap before GC invocations=13 (full 0):
 garbage-first heap   total 51200K, used 38332K [0x00000000c3200000, 0x0000000100000000)
  region size 1024K, 22 young (22528K), 2 survivors (2048K)
 Metaspace       used 40993K, committed 41472K, reserved 1114112K
  class space    used 5399K, committed 5632K, reserved 1048576K
}
Event: 19.624 GC heap after
{Heap after GC invocations=14 (full 0):
 garbage-first heap   total 51200K, used 20693K [0x00000000c3200000, 0x0000000100000000)
  region size 1024K, 3 young (3072K), 3 survivors (3072K)
 Metaspace       used 40993K, committed 41472K, reserved 1114112K
  class space    used 5399K, committed 5632K, reserved 1048576K
}
Event: 19.665 GC heap before
{Heap before GC invocations=14 (full 0):
 garbage-first heap   total 51200K, used 20693K [0x00000000c3200000, 0x0000000100000000)
  region size 1024K, 4 young (4096K), 3 survivors (3072K)
 Metaspace       used 41061K, committed 41536K, reserved 1114112K
  class space    used 5412K, committed 5632K, reserved 1048576K
}
Event: 19.672 GC heap after
{Heap after GC invocations=15 (full 0):
 garbage-first heap   total 51200K, used 21188K [0x00000000c3200000, 0x0000000100000000)
  region size 1024K, 1 young (1024K), 1 survivors (1024K)
 Metaspace       used 41061K, committed 41536K, reserved 1114112K
  class space    used 5412K, committed 5632K, reserved 1048576K
}
Event: 20.835 GC heap before
{Heap before GC invocations=15 (full 0):
 garbage-first heap   total 51200K, used 39620K [0x00000000c3200000, 0x0000000100000000)
  region size 1024K, 19 young (19456K), 1 survivors (1024K)
 Metaspace       used 46744K, committed 47168K, reserved 1114112K
  class space    used 6250K, committed 6464K, reserved 1048576K
}
Event: 20.839 GC heap after
{Heap after GC invocations=16 (full 0):
 garbage-first heap   total 51200K, used 21464K [0x00000000c3200000, 0x0000000100000000)
  region size 1024K, 1 young (1024K), 1 survivors (1024K)
 Metaspace       used 46744K, committed 47168K, reserved 1114112K
  class space    used 6250K, committed 6464K, reserved 1048576K
}
Event: 22.440 GC heap before
{Heap before GC invocations=17 (full 0):
 garbage-first heap   total 51200K, used 39896K [0x00000000c3200000, 0x0000000100000000)
  region size 1024K, 19 young (19456K), 1 survivors (1024K)
 Metaspace       used 51136K, committed 51648K, reserved 1114112K
  class space    used 7014K, committed 7232K, reserved 1048576K
}
Event: 22.445 GC heap after
{Heap after GC invocations=18 (full 0):
 garbage-first heap   total 51200K, used 22203K [0x00000000c3200000, 0x0000000100000000)
  region size 1024K, 2 young (2048K), 2 survivors (2048K)
 Metaspace       used 51136K, committed 51648K, reserved 1114112K
  class space    used 7014K, committed 7232K, reserved 1048576K
}
Event: 23.384 GC heap before
{Heap before GC invocations=18 (full 0):
 garbage-first heap   total 51200K, used 39611K [0x00000000c3200000, 0x0000000100000000)
  region size 1024K, 20 young (20480K), 2 survivors (2048K)
 Metaspace       used 53684K, committed 54208K, reserved 1114112K
  class space    used 7318K, committed 7552K, reserved 1048576K
}
Event: 23.392 GC heap after
{Heap after GC invocations=19 (full 0):
 garbage-first heap   total 51200K, used 23668K [0x00000000c3200000, 0x0000000100000000)
  region size 1024K, 3 young (3072K), 3 survivors (3072K)
 Metaspace       used 53684K, committed 54208K, reserved 1114112K
  class space    used 7318K, committed 7552K, reserved 1048576K
}
Event: 24.726 GC heap before
{Heap before GC invocations=19 (full 0):
 garbage-first heap   total 51200K, used 41076K [0x00000000c3200000, 0x0000000100000000)
  region size 1024K, 20 young (20480K), 3 survivors (3072K)
 Metaspace       used 57460K, committed 57920K, reserved 1114112K
  class space    used 7707K, committed 7936K, reserved 1048576K
}
Event: 24.735 GC heap after
{Heap after GC invocations=20 (full 0):
 garbage-first heap   total 51200K, used 25235K [0x00000000c3200000, 0x0000000100000000)
  region size 1024K, 3 young (3072K), 3 survivors (3072K)
 Metaspace       used 57460K, committed 57920K, reserved 1114112K
  class space    used 7707K, committed 7936K, reserved 1048576K
}
Event: 25.474 GC heap before
{Heap before GC invocations=20 (full 0):
 garbage-first heap   total 51200K, used 41619K [0x00000000c3200000, 0x0000000100000000)
  region size 1024K, 19 young (19456K), 3 survivors (3072K)
 Metaspace       used 59228K, committed 59712K, reserved 1114112K
  class space    used 7973K, committed 8192K, reserved 1048576K
}
Event: 25.485 GC heap after
{Heap after GC invocations=21 (full 0):
 garbage-first heap   total 51200K, used 26693K [0x00000000c3200000, 0x0000000100000000)
  region size 1024K, 3 young (3072K), 3 survivors (3072K)
 Metaspace       used 59228K, committed 59712K, reserved 1114112K
  class space    used 7973K, committed 8192K, reserved 1048576K
}
Event: 246.452 GC heap before
{Heap before GC invocations=21 (full 0):
 garbage-first heap   total 51200K, used 41029K [0x00000000c3200000, 0x0000000100000000)
  region size 1024K, 17 young (17408K), 3 survivors (3072K)
 Metaspace       used 60493K, committed 61056K, reserved 1114112K
  class space    used 8133K, committed 8384K, reserved 1048576K
}
Event: 246.676 GC heap after
{Heap after GC invocations=22 (full 0):
 garbage-first heap   total 51200K, used 27568K [0x00000000c3200000, 0x0000000100000000)
  region size 1024K, 1 young (1024K), 1 survivors (1024K)
 Metaspace       used 60493K, committed 61056K, reserved 1114112K
  class space    used 8133K, committed 8384K, reserved 1048576K
}

